<?xml version="1.0" encoding="UTF-8"?>
<testng-results ignored="0" total="1" passed="1" failed="0" skipped="0">
  <reporter-output>
  </reporter-output>
  <suite started-at="2024-05-11T17:01:16 IST" name="Default suite" finished-at="2024-05-11T17:01:37 IST" duration-ms="21507">
    <groups>
    </groups>
    <test started-at="2024-05-11T17:01:16 IST" name="Default test" finished-at="2024-05-11T17:01:37 IST" duration-ms="21507">
      <class name="pomPackage.TestPom">
        <test-method signature="myTest()[pri:0, instance:pomPackage.TestPom@7ce026d3]" started-at="2024-05-11T17:01:16 IST" name="myTest" finished-at="2024-05-11T17:01:37 IST" duration-ms="21215" status="PASS">
          <reporter-output>
          </reporter-output>
        </test-method> <!-- myTest -->
      </class> <!-- pomPackage.TestPom -->
    </test> <!-- Default test -->
  </suite> <!-- Default suite -->
</testng-results>
