<?xml version="1.0" encoding="UTF-8"?>
<!-- Generated by org.testng.reporters.JUnitReportReporter -->
<testsuite hostname="DESKTOP-76M5JGF" failures="1" tests="4" name="RunnerClass" time="58.757" errors="0" timestamp="2024-05-09T17:06:25 IST" skipped="0">
  <testcase classname="RunnerClass" name="runScenario" time="19.777"/>
  <testcase classname="RunnerClass" name="runScenario" time="18.899"/>
  <testcase classname="RunnerClass" name="runScenario" time="10.212"/>
  <testcase classname="RunnerClass" name="runScenario" time="9.869">
    <failure message="expected [https://www.saucedemo.com/v1/inventory.html] but found [https://www.saucedemo.com/v1/]" type="java.lang.AssertionError">
      <![CDATA[java.lang.AssertionError: expected [https://www.saucedemo.com/v1/inventory.html] but found [https://www.saucedemo.com/v1/]
at org.testng.Assert.fail(Assert.java:111)
at org.testng.Assert.failNotEquals(Assert.java:1578)
at org.testng.Assert.assertEqualsImpl(Assert.java:150)
at org.testng.Assert.assertEquals(Assert.java:132)
at org.testng.Assert.assertEquals(Assert.java:656)
at org.testng.Assert.assertEquals(Assert.java:666)
at steps.LoginSteps.userShouldMoveToHomePage(LoginSteps.java:47)
at ✽.user should move to home page(file:///C:/Users/WELCOME/eclipse-workspace/TestingDemoProject/src/test/java/Features/demo.feature:37)
]]>
    </failure>
  </testcase> <!-- runScenario -->
</testsuite> <!-- RunnerClass -->
